Terminal log file
Date: 9/29/2015 - 9:43:06 PM
-----------------------------------------------
02 0C 01 82 8C 09 00 40 80 05 8C 7E 01 02 00 FF 
02 0C 00 10 5C 00 00 00 05 0B 7A 00 00 36 02 0C 
01 82 84 0D 20 40 00 2D 10 7E 01 02 80 FA 02 0C 
00 10 5D 00 00 00 2D 0B 7A 00 00 1F 02 0C 01 82 
CC 0D 20 40 62 00 8C 7E 01 02 00 F9 02 0C 00 10 
5E 00 00 13 88 0B 7A 00 00 AA 02 0C 01 82 E4 09 
20 40 00 01 8C 7E 01 02 00 FD 02 0C 00 10 5F 00 
00 00 01 0B 7A 00 00 31 02 0C 01 82 24 13 00 80 
C6 00 8C 7E 01 02 40 FA 02 0C 00 70 63 00 00 00 
00 0B 7A 00 00 6C 02 0C 01 9A CC 14 00 80 00 04 
8C 7E 01 02 00 F3 02 0C 00 13 8E 00 00 00 04 0B 
7A 00 00 E6 02 0C 01 82 24 0D 20 40 00 00 88 7E 
00 02 70 FD 02 0C 00 10 5B 00 00 00 00 0B 7A 00 
00 34 02 0C 01 82 8C 09 20 40 00 05 10 7E 01 02 
00 FF 02 0C 00 10 5C 00 00 00 05 0B 7A 00 00 36 
02 0C 01 82 AC 0D 00 40 80 2D 8C 7E 01 02 80 FA 
02 0C 00 10 5D 00 00 00 2D 0B 7A 00 00 1F 02 0C 
00 82 C4 0D 00 40 62 44 8C 7E 01 02 28 F9 02 0C 
00 10 5E 00 00 13 88 0B 7A 00 00 AA 02 0C 01 82 
E4 09 20 40 00 01 8C 7E 01 02 48 FD 02 0C 00 10 
5F 00 00 00 01 0B 7A 00 00 31 02 0C 01 82 24 13 
20 80 C6 00 8C 7E 00 02 40 FA 02 0C 00 70 63 00 
00 00 00 0B 7A 00 00 6C 02 0C 01 9A CC 14 00 80 
00 04 8C 7E 01 02 00 F3 02 0C 00 13 8E 00 00 00 
04 0B 7A 00 00 E6 02 0C 00 82 24 0D 20 40 00 00 
8C 7E 01 02 E8 FD 02 0C 00 10 5B 00 00 00 00 0B 
7A 00 00 34 02 0C 01 82 84 09 20 40 00 05 10 7E 
00 02 40 FF 02 0C 00 10 5C 00 00 00 05 0B 7A 00 
00 36 02 0C 00 82 D6 0D 00 40 00 2D 8C 7E 01 02 
88 FA 02 0C 00 10 5D 00 00 00 2D 0B 7A 00 00 1F 
02 0C 00 82 E4 0D 00 40 62 44 8C 7E 01 02 00 F9 
02 0C 00 10 5E 00 00 13 88 0B 7A 00 00 AA 02 0C 
01 82 E4 09 20 40 00 01 8C 7E 01 02 00 FD 02 0C 
00 10 5F 00 00 00 01 0B 7A 00 00 31 02 0C 00 82 
36 13 20 80 C6 00 8C 7E 01 02 40 FA 02 0C 00 70 
63 00 00 00 00 0B 7A 00 00 6C 02 0C 01 9A C4 14 
20 80 00 04 8C 7E 01 02 A8 F3 02 0C 00 13 8E 00 
00 00 04 0B 7A 00 00 E6 02 0C 00 82 B4 0D 00 40 
80 00 8C 7E 01 02 60 FD 02 0C 00 10 5B 00 00 00 
00 0B 7A 00 00 34 02 0C 01 82 84 09 20 40 00 05 
18 7E 00 02 40 FF 02 0C 00 10 5C 00 00 00 05 0B 
7A 00 00 36 02 0C 01 82 AC 0D 20 40 00 2D 10 7E 
01 02 80 FA 02 0C 00 10 5D 00 00 00 2D 0B 7A 00 
00 1F 02 0C 01 82 CC 0D 00 40 62 44 8C 7E 01 02 
00 F9 02 0C 00 10 5E 00 00 13 88 0B 7A 00 00 AA 
02 0C 00 82 E4 09 00 40 00 01 8C 7E 01 02 08 FD 
02 0C 00 10 5F 00 00 00 01 0B 7A 00 00 31 02 0C 
01 82 24 13 00 80 C6 00 8C 7E 01 02 40 FA 02 0C 
00 70 63 00 00 00 00 0B 7A 00 00 6C 
-----------------------------------------------
Date: 9/29/2015 - 9:43:18 PM
End log file
