\BOOKMARK [0][-]{chapter.1}{\376\377\0001\000\040\000M\000I\000S\000R\000A\000-\000C\000:\0002\0000\0000\0004\000\040\000C\000o\000m\000p\000l\000i\000a\000n\000c\000e\000\040\000E\000x\000c\000e\000p\000t\000i\000o\000n\000s}{}% 1
\BOOKMARK [0][-]{chapter.2}{\376\377\0002\000\040\000D\000e\000p\000r\000e\000c\000a\000t\000e\000d\000\040\000L\000i\000s\000t}{}% 2
\BOOKMARK [0][-]{chapter.3}{\376\377\0003\000\040\000M\000o\000d\000u\000l\000e\000\040\000I\000n\000d\000e\000x}{}% 3
\BOOKMARK [1][-]{section.3.1}{\376\377\0003\000.\0001\000\040\000M\000o\000d\000u\000l\000e\000s}{chapter.3}% 4
\BOOKMARK [0][-]{chapter.4}{\376\377\0004\000\040\000D\000a\000t\000a\000\040\000S\000t\000r\000u\000c\000t\000u\000r\000e\000\040\000I\000n\000d\000e\000x}{}% 5
\BOOKMARK [1][-]{section.4.1}{\376\377\0004\000.\0001\000\040\000D\000a\000t\000a\000\040\000S\000t\000r\000u\000c\000t\000u\000r\000e\000s}{chapter.4}% 6
\BOOKMARK [0][-]{chapter.5}{\376\377\0005\000\040\000F\000i\000l\000e\000\040\000I\000n\000d\000e\000x}{}% 7
\BOOKMARK [1][-]{section.5.1}{\376\377\0005\000.\0001\000\040\000F\000i\000l\000e\000\040\000L\000i\000s\000t}{chapter.5}% 8
\BOOKMARK [0][-]{chapter.6}{\376\377\0006\000\040\000M\000o\000d\000u\000l\000e\000\040\000D\000o\000c\000u\000m\000e\000n\000t\000a\000t\000i\000o\000n}{}% 9
\BOOKMARK [1][-]{section.6.1}{\376\377\0006\000.\0001\000\040\000x\000C\000o\000R\000o\000u\000t\000i\000n\000e\000C\000r\000e\000a\000t\000e}{chapter.6}% 10
\BOOKMARK [1][-]{section.6.2}{\376\377\0006\000.\0002\000\040\000v\000C\000o\000R\000o\000u\000t\000i\000n\000e\000S\000c\000h\000e\000d\000u\000l\000e}{chapter.6}% 11
\BOOKMARK [1][-]{section.6.3}{\376\377\0006\000.\0003\000\040\000c\000r\000S\000T\000A\000R\000T}{chapter.6}% 12
\BOOKMARK [1][-]{section.6.4}{\376\377\0006\000.\0004\000\040\000c\000r\000D\000E\000L\000A\000Y}{chapter.6}% 13
\BOOKMARK [1][-]{section.6.5}{\376\377\0006\000.\0005\000\040\000c\000r\000Q\000U\000E\000U\000E\000\137\000S\000E\000N\000D}{chapter.6}% 14
\BOOKMARK [1][-]{section.6.6}{\376\377\0006\000.\0006\000\040\000c\000r\000Q\000U\000E\000U\000E\000\137\000R\000E\000C\000E\000I\000V\000E}{chapter.6}% 15
\BOOKMARK [1][-]{section.6.7}{\376\377\0006\000.\0007\000\040\000c\000r\000Q\000U\000E\000U\000E\000\137\000S\000E\000N\000D\000\137\000F\000R\000O\000M\000\137\000I\000S\000R}{chapter.6}% 16
\BOOKMARK [1][-]{section.6.8}{\376\377\0006\000.\0008\000\040\000c\000r\000Q\000U\000E\000U\000E\000\137\000R\000E\000C\000E\000I\000V\000E\000\137\000F\000R\000O\000M\000\137\000I\000S\000R}{chapter.6}% 17
\BOOKMARK [1][-]{section.6.9}{\376\377\0006\000.\0009\000\040\000E\000v\000e\000n\000t\000G\000r\000o\000u\000p}{chapter.6}% 18
\BOOKMARK [2][-]{subsection.6.9.1}{\376\377\0006\000.\0009\000.\0001\000\040\000D\000e\000t\000a\000i\000l\000e\000d\000\040\000D\000e\000s\000c\000r\000i\000p\000t\000i\000o\000n}{section.6.9}% 19
\BOOKMARK [1][-]{section.6.10}{\376\377\0006\000.\0001\0000\000\040\000E\000v\000e\000n\000t\000G\000r\000o\000u\000p\000H\000a\000n\000d\000l\000e\000\137\000t}{chapter.6}% 20
\BOOKMARK [1][-]{section.6.11}{\376\377\0006\000.\0001\0001\000\040\000x\000E\000v\000e\000n\000t\000G\000r\000o\000u\000p\000C\000r\000e\000a\000t\000e}{chapter.6}% 21
\BOOKMARK [1][-]{section.6.12}{\376\377\0006\000.\0001\0002\000\040\000x\000E\000v\000e\000n\000t\000G\000r\000o\000u\000p\000W\000a\000i\000t\000B\000i\000t\000s}{chapter.6}% 22
\BOOKMARK [1][-]{section.6.13}{\376\377\0006\000.\0001\0003\000\040\000x\000E\000v\000e\000n\000t\000G\000r\000o\000u\000p\000C\000l\000e\000a\000r\000B\000i\000t\000s}{chapter.6}% 23
\BOOKMARK [1][-]{section.6.14}{\376\377\0006\000.\0001\0004\000\040\000x\000E\000v\000e\000n\000t\000G\000r\000o\000u\000p\000C\000l\000e\000a\000r\000B\000i\000t\000s\000F\000r\000o\000m\000I\000S\000R}{chapter.6}% 24
\BOOKMARK [1][-]{section.6.15}{\376\377\0006\000.\0001\0005\000\040\000x\000E\000v\000e\000n\000t\000G\000r\000o\000u\000p\000S\000e\000t\000B\000i\000t\000s}{chapter.6}% 25
\BOOKMARK [1][-]{section.6.16}{\376\377\0006\000.\0001\0006\000\040\000x\000E\000v\000e\000n\000t\000G\000r\000o\000u\000p\000S\000e\000t\000B\000i\000t\000s\000F\000r\000o\000m\000I\000S\000R}{chapter.6}% 26
\BOOKMARK [1][-]{section.6.17}{\376\377\0006\000.\0001\0007\000\040\000x\000E\000v\000e\000n\000t\000G\000r\000o\000u\000p\000S\000y\000n\000c}{chapter.6}% 27
\BOOKMARK [1][-]{section.6.18}{\376\377\0006\000.\0001\0008\000\040\000x\000E\000v\000e\000n\000t\000G\000r\000o\000u\000p\000G\000e\000t\000B\000i\000t\000s}{chapter.6}% 28
\BOOKMARK [1][-]{section.6.19}{\376\377\0006\000.\0001\0009\000\040\000x\000E\000v\000e\000n\000t\000G\000r\000o\000u\000p\000G\000e\000t\000B\000i\000t\000s\000F\000r\000o\000m\000I\000S\000R}{chapter.6}% 29
\BOOKMARK [1][-]{section.6.20}{\376\377\0006\000.\0002\0000\000\040\000x\000M\000e\000s\000s\000a\000g\000e\000B\000u\000f\000f\000e\000r\000C\000r\000e\000a\000t\000e}{chapter.6}% 30
\BOOKMARK [1][-]{section.6.21}{\376\377\0006\000.\0002\0001\000\040\000x\000M\000e\000s\000s\000a\000g\000e\000B\000u\000f\000f\000e\000r\000C\000r\000e\000a\000t\000e\000S\000t\000a\000t\000i\000c}{chapter.6}% 31
